{
  "RSpec": {
    "coverage": {
      "/home/ubuntu/workspace/UpDoc/app/helpers/contact_us/contacts_helper.rb": [
        1,
        null
      ],
      "/home/ubuntu/workspace/UpDoc/app/controllers/admin_controller.rb": [
        1,
        null,
        1,
        null,
        null,
        null
      ],
      "/home/ubuntu/workspace/UpDoc/app/controllers/application_controller.rb": [
        1,
        null,
        null,
        1,
        null
      ],
      "/home/ubuntu/workspace/UpDoc/app/controllers/appointment_controller.rb": [
        1,
        null,
        1,
        1,
        null,
        null,
        1,
        0,
        null,
        null,
        1,
        2,
        2,
        2,
        2,
        2,
        1,
        null,
        1,
        1,
        1,
        null,
        null,
        2,
        null,
        null,
        null
      ],
      "/home/ubuntu/workspace/UpDoc/app/controllers/docappt_controller.rb": [
        1,
        null,
        1,
        0,
        null,
        null,
        1,
        2,
        2,
        2,
        null,
        2,
        null,
        2,
        null,
        2,
        1,
        null,
        null,
        1,
        1,
        null,
        null,
        2,
        null,
        null,
        null
      ],
      "/home/ubuntu/workspace/UpDoc/app/controllers/docsignup_controller.rb": [
        1,
        null,
        1,
        0,
        null,
        null,
        1,
        3,
        3,
        3,
        3,
        3,
        3,
        3,
        3,
        null,
        null,
        3,
        null,
        3,
        1,
        null,
        1,
        1,
        null,
        1,
        null,
        null
      ],
      "/home/ubuntu/workspace/UpDoc/app/controllers/forgotpass_controller.rb": [
        1,
        null,
        1,
        null,
        null,
        null,
        null
      ],
      "/home/ubuntu/workspace/UpDoc/app/controllers/homepage_controller.rb": [
        1,
        1,
        1,
        1,
        1,
        null,
        null,
        1,
        null,
        1,
        null,
        null,
        null,
        null,
        null,
        null,
        null,
        null,
        null,
        null,
        null,
        1,
        null,
        null
      ],
      "/home/ubuntu/workspace/UpDoc/app/controllers/linkdoc_controller.rb": [
        1,
        null,
        1,
        0,
        null,
        null,
        1,
        2,
        2,
        2,
        2,
        2,
        2,
        1,
        1,
        null,
        1,
        1,
        null,
        null,
        null,
        null,
        null,
        null
      ],
      "/home/ubuntu/workspace/UpDoc/app/controllers/profile_controller.rb": [
        1,
        null,
        1,
        0,
        null,
        null,
        null,
        null,
        null,
        null,
        null,
        null,
        1,
        1,
        1,
        1,
        null,
        null,
        1,
        1,
        null,
        1,
        1,
        1,
        null,
        null,
        null,
        null,
        1,
        3,
        3,
        3,
        3,
        null,
        3,
        3,
        3,
        1,
        null,
        2,
        null,
        null,
        3,
        1,
        null,
        2,
        null,
        null,
        0,
        0,
        0,
        null,
        null,
        0,
        0,
        null,
        null,
        null,
        1,
        1,
        null,
        1,
        1,
        null,
        null,
        null,
        null,
        null
      ],
      "/home/ubuntu/workspace/UpDoc/app/controllers/reset_controller.rb": [
        1,
        null,
        1,
        0,
        null,
        null,
        1,
        2,
        2,
        null,
        2,
        1,
        1,
        1,
        null,
        1,
        1,
        null,
        null,
        null,
        null
      ],
      "/home/ubuntu/workspace/UpDoc/app/controllers/sessions_controller.rb": [
        1,
        null,
        1,
        0,
        null,
        null,
        1,
        null,
        null,
        1,
        6,
        null,
        6,
        6,
        6,
        null,
        null,
        null,
        6,
        1,
        5,
        1,
        1,
        null,
        4,
        2,
        2,
        null,
        2,
        2,
        1,
        null,
        1,
        1,
        1,
        null,
        null,
        null,
        null,
        null
      ],
      "/home/ubuntu/workspace/UpDoc/app/controllers/signup_controller.rb": [
        1,
        null,
        1,
        0,
        null,
        null,
        1,
        3,
        3,
        3,
        3,
        3,
        3,
        3,
        3,
        null,
        null,
        3,
        3,
        3,
        3,
        3,
        3,
        null,
        null,
        null,
        3,
        null,
        3,
        1,
        null,
        1,
        1,
        null,
        null,
        1,
        1,
        null,
        null,
        null,
        null
      ],
      "/home/ubuntu/workspace/UpDoc/app/models/hospital.rb": [
        1,
        null
      ],
      "/home/ubuntu/workspace/UpDoc/app/models/pharmacy.rb": [
        1,
        null
      ],
      "/home/ubuntu/workspace/UpDoc/app/models/appointment.rb": [
        1,
        null
      ],
      "/home/ubuntu/workspace/UpDoc/app/models/credential.rb": [
        1,
        null
      ],
      "/home/ubuntu/workspace/UpDoc/app/models/profile.rb": [
        1,
        null,
        null
      ],
      "/home/ubuntu/workspace/UpDoc/app/models/medical_record.rb": [
        1,
        null
      ],
      "/home/ubuntu/workspace/UpDoc/app/controllers/contacts_controller.rb": [
        0,
        null,
        0,
        0,
        null,
        0
      ]
    },
    "timestamp": 1525811299
  }
}
